<?xml version="1.0" encoding="UTF-8"?>
<!-- Generated by org.testng.reporters.JUnitXMLReporter -->
<testsuite hostname="HAAWAD-JYDJN" ignored="0" name="Command line test" tests="8" failures="0" timestamp="29 Sep 2018 10:32:29 GMT" time="0.274" errors="0">
  <testcase name="deleteDepartmentTest" time="0.016" classname="edu.birzeit.DepartmentsSerivceTest"/>
  <testcase name="deleteDepartmentTest_faiulre" time="0.002" classname="edu.birzeit.DepartmentsSerivceTest"/>
  <testcase name="demoOrderVerification" time="0.031" classname="edu.birzeit.DepartmentsSerivceTest"/>
  <testcase name="demoSpyFeature" time="0.031" classname="edu.birzeit.DepartmentsSerivceTest"/>
  <testcase name="demoSpyFeature2" time="0.001" classname="edu.birzeit.DepartmentsSerivceTest"/>
  <testcase name="searchDepartmentTest" time="0.003" classname="edu.birzeit.DepartmentsSerivceTest"/>
  <testcase name="searchDepartmentTest2" time="0.001" classname="edu.birzeit.DepartmentsSerivceTest"/>
  <testcase name="searchDepartmentTest_faiulre" time="0.004" classname="edu.birzeit.DepartmentsSerivceTest"/>
</testsuite> <!-- Command line test -->
